[2025-11-13 17:54:41] [INFO] Memory Bank Sync Engine starting
[2025-11-13 17:54:41] [INFO] Starting memory bank synchronization at 2025-11-13 17:54:41
[2025-11-13 17:54:41] [DEBUG] Validating cursorkleosr data integrity
[2025-11-13 17:54:41] [DEBUG] Source data validation passed
[2025-11-13 17:54:41] [DEBUG] Extracting workflow data sections
[2025-11-13 17:54:41] [DEBUG] Workflow data extraction completed
[2025-11-13 17:54:41] [DEBUG] Transforming workflow data to progress format
[2025-11-13 17:54:41] [DEBUG] Progress transformation completed
[2025-11-13 17:54:41] [DEBUG] Transforming workflow data to active context
[2025-11-13 17:54:41] [DEBUG] Context transformation completed
[2025-11-13 17:54:41] [DEBUG] Transforming log data to decision format
[2025-11-13 17:54:41] [DEBUG] Decision log transformation completed
[2025-11-13 17:54:41] [DEBUG] Transforming metrics to product context
[2025-11-13 17:54:41] [DEBUG] Product context transformation completed
[2025-11-13 17:54:41] [DEBUG] Validating sync results
[2025-11-13 17:54:41] [DEBUG] Sync results validation passed
[2025-11-13 17:54:41] [DEBUG] Updating sync metadata
[2025-11-13 17:54:41] [DEBUG] Sync metadata updated
[2025-11-13 17:54:41] [INFO] Memory bank synchronization completed successfully
[2025-11-13 17:54:41] [INFO] Synchronization completed successfully
[2025-11-13 17:56:42] [INFO] Memory Bank Sync Engine starting
[2025-11-13 17:56:42] [INFO] Starting memory bank synchronization at 2025-11-13 17:56:42
[2025-11-13 17:56:42] [DEBUG] Validating cursorkleosr data integrity
[2025-11-13 17:56:42] [ERROR] workflow_state.md not found
[2025-11-13 17:56:42] [ERROR] Source data validation failed
[2025-11-13 17:56:42] [ERROR] Synchronization failed
[2025-11-13 17:59:07] [INFO] Memory Bank Sync Engine starting
[2025-11-13 17:59:07] [INFO] Starting memory bank synchronization at 2025-11-13 17:59:07
[2025-11-13 17:59:07] [DEBUG] Validating cursorkleosr data integrity
[2025-11-13 17:59:07] [DEBUG] Source data validation passed
[2025-11-13 17:59:07] [DEBUG] Extracting workflow data sections
[2025-11-13 17:59:07] [DEBUG] Workflow data extraction completed
[2025-11-13 17:59:07] [DEBUG] Transforming workflow data to progress format
[2025-11-13 17:59:07] [DEBUG] Progress transformation completed
[2025-11-13 17:59:07] [DEBUG] Transforming workflow data to active context
[2025-11-13 17:59:07] [DEBUG] Context transformation completed
[2025-11-13 17:59:07] [DEBUG] Transforming log data to decision format
[2025-11-13 17:59:07] [DEBUG] Decision log transformation completed
[2025-11-13 17:59:07] [DEBUG] Transforming metrics to product context
[2025-11-13 17:59:07] [DEBUG] Product context transformation completed
[2025-11-13 17:59:07] [DEBUG] Validating sync results
[2025-11-13 17:59:07] [DEBUG] Sync results validation passed
[2025-11-13 17:59:07] [DEBUG] Updating sync metadata
[2025-11-13 17:59:07] [DEBUG] Sync metadata updated
[2025-11-13 17:59:07] [INFO] Memory bank synchronization completed successfully
[2025-11-13 17:59:07] [INFO] Synchronization completed successfully
[2025-11-13 18:01:24] [INFO] Memory Bank Sync Engine starting
[2025-11-13 18:01:24] [INFO] Starting memory bank synchronization at 2025-11-13 18:01:24
[2025-11-13 18:01:24] [DEBUG] Validating cursorkleosr data integrity
[2025-11-13 18:01:24] [DEBUG] Source data validation passed
[2025-11-13 18:01:24] [DEBUG] Extracting workflow data sections
[2025-11-13 18:01:24] [DEBUG] Workflow data extraction completed
[2025-11-13 18:01:24] [DEBUG] Transforming workflow data to progress format
[2025-11-13 18:01:24] [DEBUG] Progress transformation completed
[2025-11-13 18:01:24] [DEBUG] Transforming workflow data to active context
[2025-11-13 18:01:24] [DEBUG] Context transformation completed
[2025-11-13 18:01:24] [DEBUG] Transforming log data to decision format
[2025-11-13 18:01:24] [DEBUG] Decision log transformation completed
[2025-11-13 18:01:24] [DEBUG] Transforming metrics to product context
[2025-11-13 18:01:24] [DEBUG] Product context transformation completed
[2025-11-13 18:01:24] [DEBUG] Validating sync results
[2025-11-13 18:01:24] [DEBUG] Sync results validation passed
[2025-11-13 18:01:24] [DEBUG] Updating sync metadata
[2025-11-13 18:01:24] [DEBUG] Sync metadata updated
[2025-11-13 18:01:24] [INFO] Memory bank synchronization completed successfully
[2025-11-13 18:01:24] [INFO] Synchronization completed successfully
[2025-11-13 18:02:50] [INFO] Memory Bank Sync Engine starting
[2025-11-13 18:02:50] [INFO] Starting memory bank synchronization at 2025-11-13 18:02:50
[2025-11-13 18:02:50] [DEBUG] Validating cursorkleosr data integrity
[2025-11-13 18:02:50] [DEBUG] Source data validation passed
[2025-11-13 18:02:50] [DEBUG] Extracting workflow data sections
[2025-11-13 18:02:50] [DEBUG] Workflow data extraction completed
[2025-11-13 18:02:50] [DEBUG] Transforming workflow data to progress format
[2025-11-13 18:02:50] [DEBUG] Progress transformation completed
[2025-11-13 18:02:50] [DEBUG] Transforming workflow data to active context
[2025-11-13 18:02:50] [DEBUG] Context transformation completed
[2025-11-13 18:02:50] [DEBUG] Transforming log data to decision format
[2025-11-13 18:02:50] [DEBUG] Decision log transformation completed
[2025-11-13 18:02:50] [DEBUG] Transforming metrics to product context
[2025-11-13 18:02:50] [DEBUG] Product context transformation completed
[2025-11-13 18:02:50] [DEBUG] Validating sync results
[2025-11-13 18:02:50] [DEBUG] Sync results validation passed
[2025-11-13 18:02:50] [DEBUG] Updating sync metadata
[2025-11-13 18:02:50] [DEBUG] Sync metadata updated
[2025-11-13 18:02:50] [INFO] Memory bank synchronization completed successfully
[2025-11-13 18:02:50] [INFO] Synchronization completed successfully
[2025-11-13 18:04:23] [INFO] Memory Bank Sync Engine starting
[2025-11-13 18:04:23] [INFO] Starting memory bank synchronization at 2025-11-13 18:04:23
[2025-11-13 18:04:23] [DEBUG] Validating cursorkleosr data integrity
[2025-11-13 18:04:23] [DEBUG] Source data validation passed
[2025-11-13 18:04:23] [DEBUG] Extracting workflow data sections
[2025-11-13 18:04:23] [DEBUG] Workflow data extraction completed
[2025-11-13 18:04:23] [DEBUG] Transforming workflow data to progress format
[2025-11-13 18:04:23] [DEBUG] Progress transformation completed
[2025-11-13 18:04:23] [DEBUG] Transforming workflow data to active context
[2025-11-13 18:04:23] [DEBUG] Context transformation completed
[2025-11-13 18:04:23] [DEBUG] Transforming log data to decision format
[2025-11-13 18:04:23] [DEBUG] Decision log transformation completed
[2025-11-13 18:04:23] [DEBUG] Transforming metrics to product context
[2025-11-13 18:04:23] [DEBUG] Product context transformation completed
[2025-11-13 18:04:23] [DEBUG] Validating sync results
[2025-11-13 18:04:23] [DEBUG] Sync results validation passed
[2025-11-13 18:04:23] [DEBUG] Updating sync metadata
[2025-11-13 18:04:23] [DEBUG] Sync metadata updated
[2025-11-13 18:04:23] [INFO] Memory bank synchronization completed successfully
[2025-11-13 18:04:23] [INFO] Synchronization completed successfully
[2025-11-13 18:06:51] [INFO] Memory Bank Sync Engine starting
[2025-11-13 18:06:51] [INFO] Starting memory bank synchronization at 2025-11-13 18:06:51
[2025-11-13 18:06:51] [DEBUG] Validating cursorkleosr data integrity
[2025-11-13 18:06:51] [DEBUG] Source data validation passed
[2025-11-13 18:06:51] [DEBUG] Extracting workflow data sections
[2025-11-13 18:06:51] [DEBUG] Workflow data extraction completed
[2025-11-13 18:06:51] [DEBUG] Transforming workflow data to progress format
[2025-11-13 18:06:52] [DEBUG] Progress transformation completed
[2025-11-13 18:06:52] [DEBUG] Transforming workflow data to active context
[2025-11-13 18:06:52] [DEBUG] Context transformation completed
[2025-11-13 18:06:52] [DEBUG] Transforming log data to decision format
[2025-11-13 18:06:52] [DEBUG] Decision log transformation completed
[2025-11-13 18:06:52] [DEBUG] Transforming metrics to product context
[2025-11-13 18:06:52] [DEBUG] Product context transformation completed
[2025-11-13 18:06:52] [DEBUG] Validating sync results
[2025-11-13 18:06:52] [DEBUG] Sync results validation passed
[2025-11-13 18:06:52] [DEBUG] Updating sync metadata
[2025-11-13 18:06:52] [DEBUG] Sync metadata updated
[2025-11-13 18:06:52] [INFO] Memory bank synchronization completed successfully
[2025-11-13 18:06:52] [INFO] Synchronization completed successfully
[2025-11-13 18:07:53] [INFO] Memory Bank Sync Engine starting
[2025-11-13 18:07:53] [INFO] Starting memory bank synchronization at 2025-11-13 18:07:53
[2025-11-13 18:07:53] [DEBUG] Validating cursorkleosr data integrity
[2025-11-13 18:07:53] [DEBUG] Source data validation passed
[2025-11-13 18:07:53] [DEBUG] Extracting workflow data sections
[2025-11-13 18:07:53] [DEBUG] Workflow data extraction completed
[2025-11-13 18:07:53] [DEBUG] Transforming workflow data to progress format
[2025-11-13 18:07:53] [DEBUG] Progress transformation completed
[2025-11-13 18:07:53] [DEBUG] Transforming workflow data to active context
[2025-11-13 18:07:53] [DEBUG] Context transformation completed
[2025-11-13 18:07:53] [DEBUG] Transforming log data to decision format
[2025-11-13 18:07:53] [DEBUG] Decision log transformation completed
[2025-11-13 18:07:53] [DEBUG] Transforming metrics to product context
[2025-11-13 18:07:53] [DEBUG] Product context transformation completed
[2025-11-13 18:07:53] [DEBUG] Validating sync results
[2025-11-13 18:07:53] [DEBUG] Sync results validation passed
[2025-11-13 18:07:53] [DEBUG] Updating sync metadata
[2025-11-13 18:07:53] [DEBUG] Sync metadata updated
[2025-11-13 18:07:53] [INFO] Memory bank synchronization completed successfully
[2025-11-13 18:07:53] [INFO] Synchronization completed successfully
